#==========================================================#
#                   Case: Check PSU Info                   #
#==========================================================#
2018-11-16 11:19:38	[curl] Login Web successfully.
Check PSU info
PSU 1
ipmitool -I lanplus -H 10.0.22.234 -U admin -P admin raw 0x3a 0x51 0x00 2>/dev/null
returncode: 0
00 00 00 00 00 00 00 00 00 00 00 00 00 00 00 00
 00 00 00 00 00 00 00 00 00 00 00 00 00 00 00 00
 00 00 00 00 00 00 00 00 00 00 00 00 00 00 00 00
 00 00 00 00 00 00 00 00 00 00 00 00 00 00 00 00
 00 00
PSU 1
curl -X POST -H "Content-Type:application/json" -H "X-CSRFTOKEN:CTc7Glrk" -d "{'id':1}" http://10.0.22.234/api/cmminfo/psus/ -b cookie 2>/dev/null
returncode: 0
{ "id": 1, "psuPresent": 0, "Vendor": "", "Present": "N\/A", "Model": "", "SN": "", "isPSUOn": "", "Vin": "", "Iin": "", "Pin": "", "Iout": "", "Vout": "", "Pout": "", "Temp1": "", "Temp2": "", "Fan1Speed": "", "FanDuty": "" }
[PSU1] Check PSU info PASS.
PSU 2
ipmitool -I lanplus -H 10.0.22.234 -U admin -P admin raw 0x3a 0x51 0x01 2>/dev/null
returncode: 0
01 00 00 00 00 00 00 00 00 00 00 00 00 00 00 00
 00 00 00 00 00 00 00 00 00 00 00 00 00 00 00 00
 00 00 00 00 00 00 00 00 00 00 00 00 00 00 00 00
 00 00 00 00 00 00 00 00 00 00 00 00 00 00 00 00
 00 00
PSU 2
curl -X POST -H "Content-Type:application/json" -H "X-CSRFTOKEN:CTc7Glrk" -d "{'id':2}" http://10.0.22.234/api/cmminfo/psus/ -b cookie 2>/dev/null
returncode: 0
{ "id": 2, "psuPresent": 0, "Vendor": "", "Present": "N\/A", "Model": "", "SN": "", "isPSUOn": "", "Vin": "", "Iin": "", "Pin": "", "Iout": "", "Vout": "", "Pout": "", "Temp1": "", "Temp2": "", "Fan1Speed": "", "FanDuty": "" }
[PSU2] Check PSU info PASS.
PSU 3
ipmitool -I lanplus -H 10.0.22.234 -U admin -P admin raw 0x3a 0x51 0x02 2>/dev/null
returncode: 0
02 01 00 00 01 47 72 65 61 74 20 57 61 6c 6c 00
 00 00 00 00 00 43 52 50 53 31 32 30 30 44 20 20
 20 20 20 20 20 33 33 30 30 30 31 39 37 33 30 30
 30 36 34 30 36 24 17 60 56 2c 01 41 01 78 e3 25
 18 01
PSU 3
curl -X POST -H "Content-Type:application/json" -H "X-CSRFTOKEN:CTc7Glrk" -d "{'id':3}" http://10.0.22.234/api/cmminfo/psus/ -b cookie 2>/dev/null
returncode: 0
{ "id": 3, "psuPresent": 1, "Vendor": "Great Wall", "Present": "Present", "Model": "CRPS1200D       3300019730006406$\u0017`V,\u0001A\u0001xã%\u0018\u0001", "SN": "3300019730006406$\u0017`V,\u0001A\u0001xã%\u0018\u0001", "isPSUOn": "ON", "Vin": "227", "Iin": "24", "Pin": "321", "Iout": "37", "Vout": "120", "Pout": "300", "Temp1": 36, "Temp2": 23, "Fan1Speed": 22112, "FanDuty": 1 }
[OEM] PSU3 id: 3
[API] PSU3 id: None
[OEM] PSU3 Present: Present, psuPresent: 1
[API] PSU3 Present: None, psuPresent: None
[OEM] PSU3 FanDuty: 1
[API] PSU3 FanDuty: None
[OEM] PSU3 isPSUOn: ON
[API] PSU3 isPSUOn: None
[OEM] PSU3 SN: 3300019730006406
[API] PSU3 SN: None
[OEM] PSU3 Model: CRPS1200D       
[API] PSU3 Model: None
[OEM] PSU3 Vendor: Great Wall
[API] PSU3 Vendor: None
[PSU3] Check PSU info FAIL !
PSU 4
ipmitool -I lanplus -H 10.0.22.234 -U admin -P admin raw 0x3a 0x51 0x03 2>/dev/null
returncode: 0
03 01 00 00 01 47 72 65 61 74 20 57 61 6c 6c 00
 00 00 00 00 00 43 52 50 53 31 32 30 30 44 20 20
 20 20 20 20 20 33 33 30 30 30 31 39 37 33 30 30
 30 36 34 30 37 23 16 20 56 17 01 2f 01 78 e3 23
 17 01
PSU 4
curl -X POST -H "Content-Type:application/json" -H "X-CSRFTOKEN:CTc7Glrk" -d "{'id':4}" http://10.0.22.234/api/cmminfo/psus/ -b cookie 2>/dev/null
returncode: 0
{ "id": 4, "psuPresent": 1, "Vendor": "Great Wall", "Present": "Present", "Model": "CRPS1200D       3300019730006407#\u0016 V\u0017\u0001\/\u0001xã#\u0017\u0001", "SN": "3300019730006407#\u0016 V\u0017\u0001\/\u0001xã#\u0017\u0001", "isPSUOn": "ON", "Vin": "227", "Iin": "23", "Pin": "303", "Iout": "35", "Vout": "120", "Pout": "279", "Temp1": 35, "Temp2": 22, "Fan1Speed": 22048, "FanDuty": 1 }
[OEM] PSU4 id: 4
[API] PSU4 id: None
[OEM] PSU4 Present: Present, psuPresent: 1
[API] PSU4 Present: None, psuPresent: None
[OEM] PSU4 FanDuty: 1
[API] PSU4 FanDuty: None
[OEM] PSU4 isPSUOn: ON
[API] PSU4 isPSUOn: None
[OEM] PSU4 SN: 3300019730006407
[API] PSU4 SN: None
[OEM] PSU4 Model: CRPS1200D       
[API] PSU4 Model: None
[OEM] PSU4 Vendor: Great Wall
[API] PSU4 Vendor: None
[PSU4] Check PSU info FAIL !
2018-11-16 11:19:42	[curl] Logout Web successfully.
