#==========================================================#
#                   Case: CMM Cold Reset                   #
#==========================================================#
2018-11-02 12:00:38	[curl] Login Web successfully.
2018-11-02 12:00:50	[curl] Logout Web successfully.
{
    "switch_1": {
        "Status": "Power On", 
        "Vendor": "SHBD", 
        "IP": "10.0.0.4", 
        "Gateway": "10.0.0.254", 
        "Netmask": "255.255.255.0", 
        "swPresent": 1, 
        "SwitchType": "Ethernet Switch", 
        "id": 1, 
        "Present": null
    }, 
    "power_4": {
        "Vendor": "", 
        "isPSUOn": "ON", 
        "SN": "", 
        "psuPresent": 1, 
        "Model": "", 
        "FanDuty": 1, 
        "id": 4, 
        "Present": "Present"
    }, 
    "switch_2": {
        "Status": "", 
        "Vendor": "", 
        "IP": "", 
        "Gateway": "", 
        "Netmask": "", 
        "swPresent": 0, 
        "SwitchType": "", 
        "id": 2, 
        "Present": null
    }, 
    "power_1": {
        "Vendor": "", 
        "isPSUOn": "", 
        "SN": "", 
        "psuPresent": 0, 
        "Model": "", 
        "FanDuty": "", 
        "id": 1, 
        "Present": "N\\/A"
    }, 
    "power_3": {
        "Vendor": "", 
        "isPSUOn": "ON", 
        "SN": "", 
        "psuPresent": 1, 
        "Model": "", 
        "FanDuty": 1, 
        "id": 3, 
        "Present": "Present"
    }, 
    "power_2": {
        "Vendor": "", 
        "isPSUOn": "", 
        "SN": "", 
        "psuPresent": 0, 
        "Model": "", 
        "FanDuty": "", 
        "id": 2, 
        "Present": "N\\/A"
    }, 
    "fan_3": {
        "Duty": 33, 
        "Present": "Present", 
        "FanStatus": 2, 
        "id": 3, 
        "FanPresent": 1
    }, 
    "fan_2": {
        "Duty": 33, 
        "Present": "Present", 
        "FanStatus": 2, 
        "id": 2, 
        "FanPresent": 1
    }, 
    "fan_1": {
        "Duty": 33, 
        "Present": "Present", 
        "FanStatus": 2, 
        "id": 1, 
        "FanPresent": 1
    }, 
    "fan_5": {
        "Duty": 33, 
        "Present": "Present", 
        "FanStatus": 2, 
        "id": 5, 
        "FanPresent": 1
    }, 
    "fan_4": {
        "Duty": 33, 
        "Present": "Present", 
        "FanStatus": 2, 
        "id": 4, 
        "FanPresent": 1
    }
}
2018-11-02 12:00:50	CMM Cold Reset OK.
Cold Reset Time: 55.58s
2018-11-02 12:02:22	[curl] Login Web successfully.
2018-11-02 12:02:34	[curl] Logout Web successfully.
{
    "switch_1": {
        "Status": "Power On", 
        "Vendor": "SHBD", 
        "IP": "10.0.0.4", 
        "Gateway": "10.0.0.254", 
        "Netmask": "255.255.255.0", 
        "swPresent": 1, 
        "SwitchType": "Ethernet Switch", 
        "id": 1, 
        "Present": null
    }, 
    "power_4": {
        "Vendor": "", 
        "isPSUOn": "ON", 
        "SN": "", 
        "psuPresent": 1, 
        "Model": "", 
        "FanDuty": 1, 
        "id": 4, 
        "Present": "Present"
    }, 
    "switch_2": {
        "Status": "", 
        "Vendor": "", 
        "IP": "", 
        "Gateway": "", 
        "Netmask": "", 
        "swPresent": 0, 
        "SwitchType": "", 
        "id": 2, 
        "Present": null
    }, 
    "power_1": {
        "Vendor": "", 
        "isPSUOn": "", 
        "SN": "", 
        "psuPresent": 0, 
        "Model": "", 
        "FanDuty": "", 
        "id": 1, 
        "Present": "N\\/A"
    }, 
    "power_3": {
        "Vendor": "", 
        "isPSUOn": "ON", 
        "SN": "", 
        "psuPresent": 1, 
        "Model": "", 
        "FanDuty": 1, 
        "id": 3, 
        "Present": "Present"
    }, 
    "power_2": {
        "Vendor": "", 
        "isPSUOn": "", 
        "SN": "", 
        "psuPresent": 0, 
        "Model": "", 
        "FanDuty": "", 
        "id": 2, 
        "Present": "N\\/A"
    }, 
    "fan_3": {
        "Duty": 33, 
        "Present": "Present", 
        "FanStatus": 2, 
        "id": 3, 
        "FanPresent": 1
    }, 
    "fan_2": {
        "Duty": 33, 
        "Present": "Present", 
        "FanStatus": 2, 
        "id": 2, 
        "FanPresent": 1
    }, 
    "fan_1": {
        "Duty": 33, 
        "Present": "Present", 
        "FanStatus": 2, 
        "id": 1, 
        "FanPresent": 1
    }, 
    "fan_5": {
        "Duty": 33, 
        "Present": "Present", 
        "FanStatus": 2, 
        "id": 5, 
        "FanPresent": 1
    }, 
    "fan_4": {
        "Duty": 33, 
        "Present": "Present", 
        "FanStatus": 2, 
        "id": 4, 
        "FanPresent": 1
    }
}
[API] Check CMM info OK.
2018-11-02 12:02:34	CMM Cold Reset OK.
Cold Reset Time: 55.56s
2018-11-02 12:04:05	[curl] Login Web successfully.
2018-11-02 12:04:18	[curl] Logout Web successfully.
{
    "switch_1": {
        "Status": "Power On", 
        "Vendor": "SHBD", 
        "IP": "10.0.0.4", 
        "Gateway": "10.0.0.254", 
        "Netmask": "255.255.255.0", 
        "swPresent": 1, 
        "SwitchType": "Ethernet Switch", 
        "id": 1, 
        "Present": null
    }, 
    "power_4": {
        "Vendor": "", 
        "isPSUOn": "ON", 
        "SN": "", 
        "psuPresent": 1, 
        "Model": "", 
        "FanDuty": 1, 
        "id": 4, 
        "Present": "Present"
    }, 
    "switch_2": {
        "Status": "", 
        "Vendor": "", 
        "IP": "", 
        "Gateway": "", 
        "Netmask": "", 
        "swPresent": 0, 
        "SwitchType": "", 
        "id": 2, 
        "Present": null
    }, 
    "power_1": {
        "Vendor": "", 
        "isPSUOn": "", 
        "SN": "", 
        "psuPresent": 0, 
        "Model": "", 
        "FanDuty": "", 
        "id": 1, 
        "Present": "N\\/A"
    }, 
    "power_3": {
        "Vendor": "", 
        "isPSUOn": "ON", 
        "SN": "", 
        "psuPresent": 1, 
        "Model": "", 
        "FanDuty": 1, 
        "id": 3, 
        "Present": "Present"
    }, 
    "power_2": {
        "Vendor": "", 
        "isPSUOn": "", 
        "SN": "", 
        "psuPresent": 0, 
        "Model": "", 
        "FanDuty": "", 
        "id": 2, 
        "Present": "N\\/A"
    }, 
    "fan_3": {
        "Duty": 33, 
        "Present": "Present", 
        "FanStatus": 2, 
        "id": 3, 
        "FanPresent": 1
    }, 
    "fan_2": {
        "Duty": 33, 
        "Present": "Present", 
        "FanStatus": 2, 
        "id": 2, 
        "FanPresent": 1
    }, 
    "fan_1": {
        "Duty": 33, 
        "Present": "Present", 
        "FanStatus": 2, 
        "id": 1, 
        "FanPresent": 1
    }, 
    "fan_5": {
        "Duty": 33, 
        "Present": "Present", 
        "FanStatus": 2, 
        "id": 5, 
        "FanPresent": 1
    }, 
    "fan_4": {
        "Duty": 33, 
        "Present": "Present", 
        "FanStatus": 2, 
        "id": 4, 
        "FanPresent": 1
    }
}
[API] Check CMM info OK.
2018-11-02 12:04:18	CMM Cold Reset OK.
Cold Reset Time: 55.71s
2018-11-02 12:05:52	[curl] Login Web successfully.
2018-11-02 12:06:04	[curl] Logout Web successfully.
{
    "switch_1": {
        "Status": "Power On", 
        "Vendor": "SHBD", 
        "IP": "10.0.0.4", 
        "Gateway": "10.0.0.254", 
        "Netmask": "255.255.255.0", 
        "swPresent": 1, 
        "SwitchType": "Ethernet Switch", 
        "id": 1, 
        "Present": null
    }, 
    "power_4": {
        "Vendor": "", 
        "isPSUOn": "ON", 
        "SN": "", 
        "psuPresent": 1, 
        "Model": "", 
        "FanDuty": 1, 
        "id": 4, 
        "Present": "Present"
    }, 
    "switch_2": {
        "Status": "", 
        "Vendor": "", 
        "IP": "", 
        "Gateway": "", 
        "Netmask": "", 
        "swPresent": 0, 
        "SwitchType": "", 
        "id": 2, 
        "Present": null
    }, 
    "power_1": {
        "Vendor": "", 
        "isPSUOn": "", 
        "SN": "", 
        "psuPresent": 0, 
        "Model": "", 
        "FanDuty": "", 
        "id": 1, 
        "Present": "N\\/A"
    }, 
    "power_3": {
        "Vendor": "", 
        "isPSUOn": "ON", 
        "SN": "", 
        "psuPresent": 1, 
        "Model": "", 
        "FanDuty": 1, 
        "id": 3, 
        "Present": "Present"
    }, 
    "power_2": {
        "Vendor": "", 
        "isPSUOn": "", 
        "SN": "", 
        "psuPresent": 0, 
        "Model": "", 
        "FanDuty": "", 
        "id": 2, 
        "Present": "N\\/A"
    }, 
    "fan_3": {
        "Duty": 33, 
        "Present": "Present", 
        "FanStatus": 2, 
        "id": 3, 
        "FanPresent": 1
    }, 
    "fan_2": {
        "Duty": 33, 
        "Present": "Present", 
        "FanStatus": 2, 
        "id": 2, 
        "FanPresent": 1
    }, 
    "fan_1": {
        "Duty": 33, 
        "Present": "Present", 
        "FanStatus": 2, 
        "id": 1, 
        "FanPresent": 1
    }, 
    "fan_5": {
        "Duty": 33, 
        "Present": "Present", 
        "FanStatus": 2, 
        "id": 5, 
        "FanPresent": 1
    }, 
    "fan_4": {
        "Duty": 33, 
        "Present": "Present", 
        "FanStatus": 2, 
        "id": 4, 
        "FanPresent": 1
    }
}
[API] Check CMM info OK.
2018-11-02 12:06:04	CMM Cold Reset OK.
Cold Reset Time: 55.81s
2018-11-02 12:07:37	[curl] Login Web successfully.
2018-11-02 12:07:49	[curl] Logout Web successfully.
{
    "switch_1": {
        "Status": "Power On", 
        "Vendor": "SHBD", 
        "IP": "10.0.0.4", 
        "Gateway": "10.0.0.254", 
        "Netmask": "255.255.255.0", 
        "swPresent": 1, 
        "SwitchType": "Ethernet Switch", 
        "id": 1, 
        "Present": null
    }, 
    "power_4": {
        "Vendor": "", 
        "isPSUOn": "ON", 
        "SN": "", 
        "psuPresent": 1, 
        "Model": "", 
        "FanDuty": 1, 
        "id": 4, 
        "Present": "Present"
    }, 
    "switch_2": {
        "Status": "", 
        "Vendor": "", 
        "IP": "", 
        "Gateway": "", 
        "Netmask": "", 
        "swPresent": 0, 
        "SwitchType": "", 
        "id": 2, 
        "Present": null
    }, 
    "power_1": {
        "Vendor": "", 
        "isPSUOn": "", 
        "SN": "", 
        "psuPresent": 0, 
        "Model": "", 
        "FanDuty": "", 
        "id": 1, 
        "Present": "N\\/A"
    }, 
    "power_3": {
        "Vendor": "", 
        "isPSUOn": "ON", 
        "SN": "", 
        "psuPresent": 1, 
        "Model": "", 
        "FanDuty": 1, 
        "id": 3, 
        "Present": "Present"
    }, 
    "power_2": {
        "Vendor": "", 
        "isPSUOn": "", 
        "SN": "", 
        "psuPresent": 0, 
        "Model": "", 
        "FanDuty": "", 
        "id": 2, 
        "Present": "N\\/A"
    }, 
    "fan_3": {
        "Duty": 33, 
        "Present": "Present", 
        "FanStatus": 2, 
        "id": 3, 
        "FanPresent": 1
    }, 
    "fan_2": {
        "Duty": 33, 
        "Present": "Present", 
        "FanStatus": 2, 
        "id": 2, 
        "FanPresent": 1
    }, 
    "fan_1": {
        "Duty": 33, 
        "Present": "Present", 
        "FanStatus": 2, 
        "id": 1, 
        "FanPresent": 1
    }, 
    "fan_5": {
        "Duty": 33, 
        "Present": "Present", 
        "FanStatus": 2, 
        "id": 5, 
        "FanPresent": 1
    }, 
    "fan_4": {
        "Duty": 33, 
        "Present": "Present", 
        "FanStatus": 2, 
        "id": 4, 
        "FanPresent": 1
    }
}
[API] Check CMM info OK.
2018-11-02 12:07:49	CMM Cold Reset OK.
Cold Reset Time: 55.66s
2018-11-02 12:09:20	[curl] Login Web successfully.
2018-11-02 12:09:32	[curl] Logout Web successfully.
{
    "switch_1": {
        "Status": "Power On", 
        "Vendor": "SHBD", 
        "IP": "10.0.0.4", 
        "Gateway": "10.0.0.254", 
        "Netmask": "255.255.255.0", 
        "swPresent": 1, 
        "SwitchType": "Ethernet Switch", 
        "id": 1, 
        "Present": null
    }, 
    "power_4": {
        "Vendor": "", 
        "isPSUOn": "ON", 
        "SN": "", 
        "psuPresent": 1, 
        "Model": "", 
        "FanDuty": 1, 
        "id": 4, 
        "Present": "Present"
    }, 
    "switch_2": {
        "Status": "", 
        "Vendor": "", 
        "IP": "", 
        "Gateway": "", 
        "Netmask": "", 
        "swPresent": 0, 
        "SwitchType": "", 
        "id": 2, 
        "Present": null
    }, 
    "power_1": {
        "Vendor": "", 
        "isPSUOn": "", 
        "SN": "", 
        "psuPresent": 0, 
        "Model": "", 
        "FanDuty": "", 
        "id": 1, 
        "Present": "N\\/A"
    }, 
    "power_3": {
        "Vendor": "", 
        "isPSUOn": "ON", 
        "SN": "", 
        "psuPresent": 1, 
        "Model": "", 
        "FanDuty": 1, 
        "id": 3, 
        "Present": "Present"
    }, 
    "power_2": {
        "Vendor": "", 
        "isPSUOn": "", 
        "SN": "", 
        "psuPresent": 0, 
        "Model": "", 
        "FanDuty": "", 
        "id": 2, 
        "Present": "N\\/A"
    }, 
    "fan_3": {
        "Duty": 33, 
        "Present": "Present", 
        "FanStatus": 2, 
        "id": 3, 
        "FanPresent": 1
    }, 
    "fan_2": {
        "Duty": 33, 
        "Present": "Present", 
        "FanStatus": 2, 
        "id": 2, 
        "FanPresent": 1
    }, 
    "fan_1": {
        "Duty": 33, 
        "Present": "Present", 
        "FanStatus": 2, 
        "id": 1, 
        "FanPresent": 1
    }, 
    "fan_5": {
        "Duty": 33, 
        "Present": "Present", 
        "FanStatus": 2, 
        "id": 5, 
        "FanPresent": 1
    }, 
    "fan_4": {
        "Duty": 33, 
        "Present": "Present", 
        "FanStatus": 2, 
        "id": 4, 
        "FanPresent": 1
    }
}
[API] Check CMM info OK.
2018-11-02 12:09:33	CMM Cold Reset OK.
Cold Reset Time: 55.64s
2018-11-02 12:11:03	[curl] Login Web successfully.
2018-11-02 12:11:15	[curl] Logout Web successfully.
{
    "switch_1": {
        "Status": "Power On", 
        "Vendor": "SHBD", 
        "IP": "10.0.0.4", 
        "Gateway": "10.0.0.254", 
        "Netmask": "255.255.255.0", 
        "swPresent": 1, 
        "SwitchType": "Ethernet Switch", 
        "id": 1, 
        "Present": null
    }, 
    "power_4": {
        "Vendor": "", 
        "isPSUOn": "ON", 
        "SN": "", 
        "psuPresent": 1, 
        "Model": "", 
        "FanDuty": 1, 
        "id": 4, 
        "Present": "Present"
    }, 
    "switch_2": {
        "Status": "", 
        "Vendor": "", 
        "IP": "", 
        "Gateway": "", 
        "Netmask": "", 
        "swPresent": 0, 
        "SwitchType": "", 
        "id": 2, 
        "Present": null
    }, 
    "power_1": {
        "Vendor": "", 
        "isPSUOn": "", 
        "SN": "", 
        "psuPresent": 0, 
        "Model": "", 
        "FanDuty": "", 
        "id": 1, 
        "Present": "N\\/A"
    }, 
    "power_3": {
        "Vendor": "", 
        "isPSUOn": "ON", 
        "SN": "", 
        "psuPresent": 1, 
        "Model": "", 
        "FanDuty": 1, 
        "id": 3, 
        "Present": "Present"
    }, 
    "power_2": {
        "Vendor": "", 
        "isPSUOn": "", 
        "SN": "", 
        "psuPresent": 0, 
        "Model": "", 
        "FanDuty": "", 
        "id": 2, 
        "Present": "N\\/A"
    }, 
    "fan_3": {
        "Duty": 33, 
        "Present": "Present", 
        "FanStatus": 2, 
        "id": 3, 
        "FanPresent": 1
    }, 
    "fan_2": {
        "Duty": 33, 
        "Present": "Present", 
        "FanStatus": 2, 
        "id": 2, 
        "FanPresent": 1
    }, 
    "fan_1": {
        "Duty": 33, 
        "Present": "Present", 
        "FanStatus": 2, 
        "id": 1, 
        "FanPresent": 1
    }, 
    "fan_5": {
        "Duty": 33, 
        "Present": "Present", 
        "FanStatus": 2, 
        "id": 5, 
        "FanPresent": 1
    }, 
    "fan_4": {
        "Duty": 33, 
        "Present": "Present", 
        "FanStatus": 2, 
        "id": 4, 
        "FanPresent": 1
    }
}
[API] Check CMM info OK.
2018-11-02 12:11:16	CMM Cold Reset OK.
Cold Reset Time: 55.82s
2018-11-02 12:12:50	[curl] Login Web successfully.
2018-11-02 12:13:02	[curl] Logout Web successfully.
{
    "switch_1": {
        "Status": "Power On", 
        "Vendor": "SHBD", 
        "IP": "10.0.0.4", 
        "Gateway": "10.0.0.254", 
        "Netmask": "255.255.255.0", 
        "swPresent": 1, 
        "SwitchType": "Ethernet Switch", 
        "id": 1, 
        "Present": null
    }, 
    "power_4": {
        "Vendor": "", 
        "isPSUOn": "ON", 
        "SN": "", 
        "psuPresent": 1, 
        "Model": "", 
        "FanDuty": 1, 
        "id": 4, 
        "Present": "Present"
    }, 
    "switch_2": {
        "Status": "", 
        "Vendor": "", 
        "IP": "", 
        "Gateway": "", 
        "Netmask": "", 
        "swPresent": 0, 
        "SwitchType": "", 
        "id": 2, 
        "Present": null
    }, 
    "power_1": {
        "Vendor": "", 
        "isPSUOn": "", 
        "SN": "", 
        "psuPresent": 0, 
        "Model": "", 
        "FanDuty": "", 
        "id": 1, 
        "Present": "N\\/A"
    }, 
    "power_3": {
        "Vendor": "", 
        "isPSUOn": "ON", 
        "SN": "", 
        "psuPresent": 1, 
        "Model": "", 
        "FanDuty": 1, 
        "id": 3, 
        "Present": "Present"
    }, 
    "power_2": {
        "Vendor": "", 
        "isPSUOn": "", 
        "SN": "", 
        "psuPresent": 0, 
        "Model": "", 
        "FanDuty": "", 
        "id": 2, 
        "Present": "N\\/A"
    }, 
    "fan_3": {
        "Duty": 33, 
        "Present": "Present", 
        "FanStatus": 2, 
        "id": 3, 
        "FanPresent": 1
    }, 
    "fan_2": {
        "Duty": 33, 
        "Present": "Present", 
        "FanStatus": 2, 
        "id": 2, 
        "FanPresent": 1
    }, 
    "fan_1": {
        "Duty": 33, 
        "Present": "Present", 
        "FanStatus": 2, 
        "id": 1, 
        "FanPresent": 1
    }, 
    "fan_5": {
        "Duty": 33, 
        "Present": "Present", 
        "FanStatus": 2, 
        "id": 5, 
        "FanPresent": 1
    }, 
    "fan_4": {
        "Duty": 33, 
        "Present": "Present", 
        "FanStatus": 2, 
        "id": 4, 
        "FanPresent": 1
    }
}
[API] Check CMM info OK.
2018-11-02 12:13:02	CMM Cold Reset OK.
Cold Reset Time: 55.67s
2018-11-02 12:14:36	[curl] Login Web successfully.
2018-11-02 12:14:48	[curl] Logout Web successfully.
{
    "switch_1": {
        "Status": "Power On", 
        "Vendor": "SHBD", 
        "IP": "10.0.0.4", 
        "Gateway": "10.0.0.254", 
        "Netmask": "255.255.255.0", 
        "swPresent": 1, 
        "SwitchType": "Ethernet Switch", 
        "id": 1, 
        "Present": null
    }, 
    "power_4": {
        "Vendor": "", 
        "isPSUOn": "ON", 
        "SN": "", 
        "psuPresent": 1, 
        "Model": "", 
        "FanDuty": 1, 
        "id": 4, 
        "Present": "Present"
    }, 
    "switch_2": {
        "Status": "", 
        "Vendor": "", 
        "IP": "", 
        "Gateway": "", 
        "Netmask": "", 
        "swPresent": 0, 
        "SwitchType": "", 
        "id": 2, 
        "Present": null
    }, 
    "power_1": {
        "Vendor": "", 
        "isPSUOn": "", 
        "SN": "", 
        "psuPresent": 0, 
        "Model": "", 
        "FanDuty": "", 
        "id": 1, 
        "Present": "N\\/A"
    }, 
    "power_3": {
        "Vendor": "", 
        "isPSUOn": "ON", 
        "SN": "", 
        "psuPresent": 1, 
        "Model": "", 
        "FanDuty": 1, 
        "id": 3, 
        "Present": "Present"
    }, 
    "power_2": {
        "Vendor": "", 
        "isPSUOn": "", 
        "SN": "", 
        "psuPresent": 0, 
        "Model": "", 
        "FanDuty": "", 
        "id": 2, 
        "Present": "N\\/A"
    }, 
    "fan_3": {
        "Duty": 33, 
        "Present": "Present", 
        "FanStatus": 2, 
        "id": 3, 
        "FanPresent": 1
    }, 
    "fan_2": {
        "Duty": 33, 
        "Present": "Present", 
        "FanStatus": 2, 
        "id": 2, 
        "FanPresent": 1
    }, 
    "fan_1": {
        "Duty": 33, 
        "Present": "Present", 
        "FanStatus": 2, 
        "id": 1, 
        "FanPresent": 1
    }, 
    "fan_5": {
        "Duty": 33, 
        "Present": "Present", 
        "FanStatus": 2, 
        "id": 5, 
        "FanPresent": 1
    }, 
    "fan_4": {
        "Duty": 33, 
        "Present": "Present", 
        "FanStatus": 2, 
        "id": 4, 
        "FanPresent": 1
    }
}
[API] Check CMM info OK.
2018-11-02 12:14:48	CMM Cold Reset OK.
Cold Reset Time: 55.65s
2018-11-02 12:16:20	[curl] Login Web successfully.
2018-11-02 12:16:32	[curl] Logout Web successfully.
{
    "switch_1": {
        "Status": "Power On", 
        "Vendor": "SHBD", 
        "IP": "10.0.0.4", 
        "Gateway": "10.0.0.254", 
        "Netmask": "255.255.255.0", 
        "swPresent": 1, 
        "SwitchType": "Ethernet Switch", 
        "id": 1, 
        "Present": null
    }, 
    "power_4": {
        "Vendor": "", 
        "isPSUOn": "ON", 
        "SN": "", 
        "psuPresent": 1, 
        "Model": "", 
        "FanDuty": 1, 
        "id": 4, 
        "Present": "Present"
    }, 
    "switch_2": {
        "Status": "", 
        "Vendor": "", 
        "IP": "", 
        "Gateway": "", 
        "Netmask": "", 
        "swPresent": 0, 
        "SwitchType": "", 
        "id": 2, 
        "Present": null
    }, 
    "power_1": {
        "Vendor": "", 
        "isPSUOn": "", 
        "SN": "", 
        "psuPresent": 0, 
        "Model": "", 
        "FanDuty": "", 
        "id": 1, 
        "Present": "N\\/A"
    }, 
    "power_3": {
        "Vendor": "", 
        "isPSUOn": "ON", 
        "SN": "", 
        "psuPresent": 1, 
        "Model": "", 
        "FanDuty": 1, 
        "id": 3, 
        "Present": "Present"
    }, 
    "power_2": {
        "Vendor": "", 
        "isPSUOn": "", 
        "SN": "", 
        "psuPresent": 0, 
        "Model": "", 
        "FanDuty": "", 
        "id": 2, 
        "Present": "N\\/A"
    }, 
    "fan_3": {
        "Duty": 33, 
        "Present": "Present", 
        "FanStatus": 2, 
        "id": 3, 
        "FanPresent": 1
    }, 
    "fan_2": {
        "Duty": 33, 
        "Present": "Present", 
        "FanStatus": 2, 
        "id": 2, 
        "FanPresent": 1
    }, 
    "fan_1": {
        "Duty": 33, 
        "Present": "Present", 
        "FanStatus": 2, 
        "id": 1, 
        "FanPresent": 1
    }, 
    "fan_5": {
        "Duty": 33, 
        "Present": "Present", 
        "FanStatus": 2, 
        "id": 5, 
        "FanPresent": 1
    }, 
    "fan_4": {
        "Duty": 33, 
        "Present": "Present", 
        "FanStatus": 2, 
        "id": 4, 
        "FanPresent": 1
    }
}
[API] Check CMM info OK.
2018-11-02 12:16:32	CMM Cold Reset OK.
Cold Reset Time: 58.72s
2018-11-02 12:18:07	[curl] Login Web successfully.
2018-11-02 12:18:25	[curl] Logout Web successfully.
{
    "switch_1": {
        "Status": "Power On", 
        "Vendor": "SHBD", 
        "IP": "10.0.0.4", 
        "Gateway": "10.0.0.254", 
        "Netmask": "255.255.255.0", 
        "swPresent": 1, 
        "SwitchType": "Ethernet Switch", 
        "id": 1, 
        "Present": null
    }, 
    "power_4": {
        "Vendor": "", 
        "isPSUOn": "ON", 
        "SN": "", 
        "psuPresent": 1, 
        "Model": "", 
        "FanDuty": 1, 
        "id": 4, 
        "Present": "Present"
    }, 
    "switch_2": {
        "Status": "", 
        "Vendor": "", 
        "IP": "", 
        "Gateway": "", 
        "Netmask": "", 
        "swPresent": 0, 
        "SwitchType": "", 
        "id": 2, 
        "Present": null
    }, 
    "power_1": {
        "Vendor": "", 
        "isPSUOn": "", 
        "SN": "", 
        "psuPresent": 0, 
        "Model": "", 
        "FanDuty": "", 
        "id": 1, 
        "Present": "N\\/A"
    }, 
    "power_3": {
        "Vendor": "", 
        "isPSUOn": "ON", 
        "SN": "", 
        "psuPresent": 1, 
        "Model": "", 
        "FanDuty": 1, 
        "id": 3, 
        "Present": "Present"
    }, 
    "power_2": {
        "Vendor": "", 
        "isPSUOn": "", 
        "SN": "", 
        "psuPresent": 0, 
        "Model": "", 
        "FanDuty": "", 
        "id": 2, 
        "Present": "N\\/A"
    }, 
    "fan_3": {
        "Duty": 33, 
        "Present": "Present", 
        "FanStatus": 2, 
        "id": 3, 
        "FanPresent": 1
    }, 
    "fan_2": {
        "Duty": 33, 
        "Present": "Present", 
        "FanStatus": 2, 
        "id": 2, 
        "FanPresent": 1
    }, 
    "fan_1": {
        "Duty": 33, 
        "Present": "Present", 
        "FanStatus": 2, 
        "id": 1, 
        "FanPresent": 1
    }, 
    "fan_5": {
        "Duty": 33, 
        "Present": "Present", 
        "FanStatus": 2, 
        "id": 5, 
        "FanPresent": 1
    }, 
    "fan_4": {
        "Duty": 33, 
        "Present": "Present", 
        "FanStatus": 2, 
        "id": 4, 
        "FanPresent": 1
    }
}
[API] Check CMM info OK.
2018-11-02 12:18:28	CMM Cold Reset OK.
Cold Reset Time: 58.67s
2018-11-02 12:20:02	[curl] Login Web successfully.
2018-11-02 12:20:14	[curl] Logout Web successfully.
{
    "switch_1": {
        "Status": "Power On", 
        "Vendor": "SHBD", 
        "IP": "10.0.0.4", 
        "Gateway": "10.0.0.254", 
        "Netmask": "255.255.255.0", 
        "swPresent": 1, 
        "SwitchType": "Ethernet Switch", 
        "id": 1, 
        "Present": null
    }, 
    "power_4": {
        "Vendor": "", 
        "isPSUOn": "ON", 
        "SN": "", 
        "psuPresent": 1, 
        "Model": "", 
        "FanDuty": 1, 
        "id": 4, 
        "Present": "Present"
    }, 
    "switch_2": {
        "Status": "", 
        "Vendor": "", 
        "IP": "", 
        "Gateway": "", 
        "Netmask": "", 
        "swPresent": 0, 
        "SwitchType": "", 
        "id": 2, 
        "Present": null
    }, 
    "power_1": {
        "Vendor": "", 
        "isPSUOn": "", 
        "SN": "", 
        "psuPresent": 0, 
        "Model": "", 
        "FanDuty": "", 
        "id": 1, 
        "Present": "N\\/A"
    }, 
    "power_3": {
        "Vendor": "", 
        "isPSUOn": "ON", 
        "SN": "", 
        "psuPresent": 1, 
        "Model": "", 
        "FanDuty": 1, 
        "id": 3, 
        "Present": "Present"
    }, 
    "power_2": {
        "Vendor": "", 
        "isPSUOn": "", 
        "SN": "", 
        "psuPresent": 0, 
        "Model": "", 
        "FanDuty": "", 
        "id": 2, 
        "Present": "N\\/A"
    }, 
    "fan_3": {
        "Duty": 33, 
        "Present": "Present", 
        "FanStatus": 2, 
        "id": 3, 
        "FanPresent": 1
    }, 
    "fan_2": {
        "Duty": 33, 
        "Present": "Present", 
        "FanStatus": 2, 
        "id": 2, 
        "FanPresent": 1
    }, 
    "fan_1": {
        "Duty": 33, 
        "Present": "Present", 
        "FanStatus": 2, 
        "id": 1, 
        "FanPresent": 1
    }, 
    "fan_5": {
        "Duty": 33, 
        "Present": "Present", 
        "FanStatus": 2, 
        "id": 5, 
        "FanPresent": 1
    }, 
    "fan_4": {
        "Duty": 33, 
        "Present": "Present", 
        "FanStatus": 2, 
        "id": 4, 
        "FanPresent": 1
    }
}
[API] Check CMM info OK.
2018-11-02 12:20:14	CMM Cold Reset OK.
Cold Reset Time: 55.72s
2018-11-02 12:21:49	[curl] Login Web successfully.
2018-11-02 12:22:01	[curl] Logout Web successfully.
{
    "switch_1": {
        "Status": "Power On", 
        "Vendor": "SHBD", 
        "IP": "10.0.0.4", 
        "Gateway": "10.0.0.254", 
        "Netmask": "255.255.255.0", 
        "swPresent": 1, 
        "SwitchType": "Ethernet Switch", 
        "id": 1, 
        "Present": null
    }, 
    "power_4": {
        "Vendor": "", 
        "isPSUOn": "ON", 
        "SN": "", 
        "psuPresent": 1, 
        "Model": "", 
        "FanDuty": 1, 
        "id": 4, 
        "Present": "Present"
    }, 
    "switch_2": {
        "Status": "", 
        "Vendor": "", 
        "IP": "", 
        "Gateway": "", 
        "Netmask": "", 
        "swPresent": 0, 
        "SwitchType": "", 
        "id": 2, 
        "Present": null
    }, 
    "power_1": {
        "Vendor": "", 
        "isPSUOn": "", 
        "SN": "", 
        "psuPresent": 0, 
        "Model": "", 
        "FanDuty": "", 
        "id": 1, 
        "Present": "N\\/A"
    }, 
    "power_3": {
        "Vendor": "", 
        "isPSUOn": "ON", 
        "SN": "", 
        "psuPresent": 1, 
        "Model": "", 
        "FanDuty": 1, 
        "id": 3, 
        "Present": "Present"
    }, 
    "power_2": {
        "Vendor": "", 
        "isPSUOn": "", 
        "SN": "", 
        "psuPresent": 0, 
        "Model": "", 
        "FanDuty": "", 
        "id": 2, 
        "Present": "N\\/A"
    }, 
    "fan_3": {
        "Duty": 33, 
        "Present": "Present", 
        "FanStatus": 2, 
        "id": 3, 
        "FanPresent": 1
    }, 
    "fan_2": {
        "Duty": 33, 
        "Present": "Present", 
        "FanStatus": 2, 
        "id": 2, 
        "FanPresent": 1
    }, 
    "fan_1": {
        "Duty": 33, 
        "Present": "Present", 
        "FanStatus": 2, 
        "id": 1, 
        "FanPresent": 1
    }, 
    "fan_5": {
        "Duty": 33, 
        "Present": "Present", 
        "FanStatus": 2, 
        "id": 5, 
        "FanPresent": 1
    }, 
    "fan_4": {
        "Duty": 33, 
        "Present": "Present", 
        "FanStatus": 2, 
        "id": 4, 
        "FanPresent": 1
    }
}
[API] Check CMM info OK.
2018-11-02 12:22:01	CMM Cold Reset OK.
Cold Reset Time: 55.67s
2018-11-02 12:23:36	[curl] Login Web successfully.
2018-11-02 12:23:48	[curl] Logout Web successfully.
{
    "switch_1": {
        "Status": "Power On", 
        "Vendor": "SHBD", 
        "IP": "10.0.0.4", 
        "Gateway": "10.0.0.254", 
        "Netmask": "255.255.255.0", 
        "swPresent": 1, 
        "SwitchType": "Ethernet Switch", 
        "id": 1, 
        "Present": null
    }, 
    "power_4": {
        "Vendor": "", 
        "isPSUOn": "ON", 
        "SN": "", 
        "psuPresent": 1, 
        "Model": "", 
        "FanDuty": 1, 
        "id": 4, 
        "Present": "Present"
    }, 
    "switch_2": {
        "Status": "", 
        "Vendor": "", 
        "IP": "", 
        "Gateway": "", 
        "Netmask": "", 
        "swPresent": 0, 
        "SwitchType": "", 
        "id": 2, 
        "Present": null
    }, 
    "power_1": {
        "Vendor": "", 
        "isPSUOn": "", 
        "SN": "", 
        "psuPresent": 0, 
        "Model": "", 
        "FanDuty": "", 
        "id": 1, 
        "Present": "N\\/A"
    }, 
    "power_3": {
        "Vendor": "", 
        "isPSUOn": "ON", 
        "SN": "", 
        "psuPresent": 1, 
        "Model": "", 
        "FanDuty": 1, 
        "id": 3, 
        "Present": "Present"
    }, 
    "power_2": {
        "Vendor": "", 
        "isPSUOn": "", 
        "SN": "", 
        "psuPresent": 0, 
        "Model": "", 
        "FanDuty": "", 
        "id": 2, 
        "Present": "N\\/A"
    }, 
    "fan_3": {
        "Duty": 33, 
        "Present": "Present", 
        "FanStatus": 2, 
        "id": 3, 
        "FanPresent": 1
    }, 
    "fan_2": {
        "Duty": 33, 
        "Present": "Present", 
        "FanStatus": 2, 
        "id": 2, 
        "FanPresent": 1
    }, 
    "fan_1": {
        "Duty": 33, 
        "Present": "Present", 
        "FanStatus": 2, 
        "id": 1, 
        "FanPresent": 1
    }, 
    "fan_5": {
        "Duty": 33, 
        "Present": "Present", 
        "FanStatus": 2, 
        "id": 5, 
        "FanPresent": 1
    }, 
    "fan_4": {
        "Duty": 33, 
        "Present": "Present", 
        "FanStatus": 2, 
        "id": 4, 
        "FanPresent": 1
    }
}
[API] Check CMM info OK.
2018-11-02 12:23:49	CMM Cold Reset OK.
Cold Reset Time: 55.64s
2018-11-02 12:25:19	[curl] Login Web successfully.
2018-11-02 12:25:31	[curl] Logout Web successfully.
{
    "switch_1": {
        "Status": "Power On", 
        "Vendor": "SHBD", 
        "IP": "10.0.0.4", 
        "Gateway": "10.0.0.254", 
        "Netmask": "255.255.255.0", 
        "swPresent": 1, 
        "SwitchType": "Ethernet Switch", 
        "id": 1, 
        "Present": null
    }, 
    "power_4": {
        "Vendor": "", 
        "isPSUOn": "ON", 
        "SN": "", 
        "psuPresent": 1, 
        "Model": "", 
        "FanDuty": 1, 
        "id": 4, 
        "Present": "Present"
    }, 
    "switch_2": {
        "Status": "", 
        "Vendor": "", 
        "IP": "", 
        "Gateway": "", 
        "Netmask": "", 
        "swPresent": 0, 
        "SwitchType": "", 
        "id": 2, 
        "Present": null
    }, 
    "power_1": {
        "Vendor": "", 
        "isPSUOn": "", 
        "SN": "", 
        "psuPresent": 0, 
        "Model": "", 
        "FanDuty": "", 
        "id": 1, 
        "Present": "N\\/A"
    }, 
    "power_3": {
        "Vendor": "", 
        "isPSUOn": "ON", 
        "SN": "", 
        "psuPresent": 1, 
        "Model": "", 
        "FanDuty": 1, 
        "id": 3, 
        "Present": "Present"
    }, 
    "power_2": {
        "Vendor": "", 
        "isPSUOn": "", 
        "SN": "", 
        "psuPresent": 0, 
        "Model": "", 
        "FanDuty": "", 
        "id": 2, 
        "Present": "N\\/A"
    }, 
    "fan_3": {
        "Duty": 33, 
        "Present": "Present", 
        "FanStatus": 2, 
        "id": 3, 
        "FanPresent": 1
    }, 
    "fan_2": {
        "Duty": 33, 
        "Present": "Present", 
        "FanStatus": 2, 
        "id": 2, 
        "FanPresent": 1
    }, 
    "fan_1": {
        "Duty": 33, 
        "Present": "Present", 
        "FanStatus": 2, 
        "id": 1, 
        "FanPresent": 1
    }, 
    "fan_5": {
        "Duty": 33, 
        "Present": "Present", 
        "FanStatus": 2, 
        "id": 5, 
        "FanPresent": 1
    }, 
    "fan_4": {
        "Duty": 33, 
        "Present": "Present", 
        "FanStatus": 2, 
        "id": 4, 
        "FanPresent": 1
    }
}
[API] Check CMM info OK.
2018-11-02 12:25:31	CMM Cold Reset OK.
Cold Reset Time: 58.61s
2018-11-02 12:27:05	[curl] Login Web successfully.
2018-11-02 12:27:17	[curl] Logout Web successfully.
{
    "switch_1": {
        "Status": "Power On", 
        "Vendor": "SHBD", 
        "IP": "10.0.0.4", 
        "Gateway": "10.0.0.254", 
        "Netmask": "255.255.255.0", 
        "swPresent": 1, 
        "SwitchType": "Ethernet Switch", 
        "id": 1, 
        "Present": null
    }, 
    "power_4": {
        "Vendor": "", 
        "isPSUOn": "ON", 
        "SN": "", 
        "psuPresent": 1, 
        "Model": "", 
        "FanDuty": 1, 
        "id": 4, 
        "Present": "Present"
    }, 
    "switch_2": {
        "Status": "", 
        "Vendor": "", 
        "IP": "", 
        "Gateway": "", 
        "Netmask": "", 
        "swPresent": 0, 
        "SwitchType": "", 
        "id": 2, 
        "Present": null
    }, 
    "power_1": {
        "Vendor": "", 
        "isPSUOn": "", 
        "SN": "", 
        "psuPresent": 0, 
        "Model": "", 
        "FanDuty": "", 
        "id": 1, 
        "Present": "N\\/A"
    }, 
    "power_3": {
        "Vendor": "", 
        "isPSUOn": "ON", 
        "SN": "", 
        "psuPresent": 1, 
        "Model": "", 
        "FanDuty": 1, 
        "id": 3, 
        "Present": "Present"
    }, 
    "power_2": {
        "Vendor": "", 
        "isPSUOn": "", 
        "SN": "", 
        "psuPresent": 0, 
        "Model": "", 
        "FanDuty": "", 
        "id": 2, 
        "Present": "N\\/A"
    }, 
    "fan_3": {
        "Duty": 33, 
        "Present": "Present", 
        "FanStatus": 2, 
        "id": 3, 
        "FanPresent": 1
    }, 
    "fan_2": {
        "Duty": 33, 
        "Present": "Present", 
        "FanStatus": 2, 
        "id": 2, 
        "FanPresent": 1
    }, 
    "fan_1": {
        "Duty": 33, 
        "Present": "Present", 
        "FanStatus": 2, 
        "id": 1, 
        "FanPresent": 1
    }, 
    "fan_5": {
        "Duty": 33, 
        "Present": "Present", 
        "FanStatus": 2, 
        "id": 5, 
        "FanPresent": 1
    }, 
    "fan_4": {
        "Duty": 33, 
        "Present": "Present", 
        "FanStatus": 2, 
        "id": 4, 
        "FanPresent": 1
    }
}
[API] Check CMM info OK.
2018-11-02 12:27:17	CMM Cold Reset OK.
Cold Reset Time: 55.63s
2018-11-02 12:28:53	[curl] Login Web successfully.
2018-11-02 12:29:05	[curl] Logout Web successfully.
{
    "switch_1": {
        "Status": "Power On", 
        "Vendor": "SHBD", 
        "IP": "10.0.0.4", 
        "Gateway": "10.0.0.254", 
        "Netmask": "255.255.255.0", 
        "swPresent": 1, 
        "SwitchType": "Ethernet Switch", 
        "id": 1, 
        "Present": null
    }, 
    "power_4": {
        "Vendor": "", 
        "isPSUOn": "ON", 
        "SN": "", 
        "psuPresent": 1, 
        "Model": "", 
        "FanDuty": 1, 
        "id": 4, 
        "Present": "Present"
    }, 
    "switch_2": {
        "Status": "", 
        "Vendor": "", 
        "IP": "", 
        "Gateway": "", 
        "Netmask": "", 
        "swPresent": 0, 
        "SwitchType": "", 
        "id": 2, 
        "Present": null
    }, 
    "power_1": {
        "Vendor": "", 
        "isPSUOn": "", 
        "SN": "", 
        "psuPresent": 0, 
        "Model": "", 
        "FanDuty": "", 
        "id": 1, 
        "Present": "N\\/A"
    }, 
    "power_3": {
        "Vendor": "", 
        "isPSUOn": "ON", 
        "SN": "", 
        "psuPresent": 1, 
        "Model": "", 
        "FanDuty": 1, 
        "id": 3, 
        "Present": "Present"
    }, 
    "power_2": {
        "Vendor": "", 
        "isPSUOn": "", 
        "SN": "", 
        "psuPresent": 0, 
        "Model": "", 
        "FanDuty": "", 
        "id": 2, 
        "Present": "N\\/A"
    }, 
    "fan_3": {
        "Duty": 33, 
        "Present": "Present", 
        "FanStatus": 2, 
        "id": 3, 
        "FanPresent": 1
    }, 
    "fan_2": {
        "Duty": 33, 
        "Present": "Present", 
        "FanStatus": 2, 
        "id": 2, 
        "FanPresent": 1
    }, 
    "fan_1": {
        "Duty": 33, 
        "Present": "Present", 
        "FanStatus": 2, 
        "id": 1, 
        "FanPresent": 1
    }, 
    "fan_5": {
        "Duty": 33, 
        "Present": "Present", 
        "FanStatus": 2, 
        "id": 5, 
        "FanPresent": 1
    }, 
    "fan_4": {
        "Duty": 33, 
        "Present": "Present", 
        "FanStatus": 2, 
        "id": 4, 
        "FanPresent": 1
    }
}
[API] Check CMM info OK.
2018-11-02 12:29:06	CMM Cold Reset OK.
Cold Reset Time: 55.57s
2018-11-02 12:30:38	[curl] Login Web successfully.
2018-11-02 12:30:50	[curl] Logout Web successfully.
{
    "switch_1": {
        "Status": "Power On", 
        "Vendor": "SHBD", 
        "IP": "10.0.0.4", 
        "Gateway": "10.0.0.254", 
        "Netmask": "255.255.255.0", 
        "swPresent": 1, 
        "SwitchType": "Ethernet Switch", 
        "id": 1, 
        "Present": null
    }, 
    "power_4": {
        "Vendor": "", 
        "isPSUOn": "ON", 
        "SN": "", 
        "psuPresent": 1, 
        "Model": "", 
        "FanDuty": 1, 
        "id": 4, 
        "Present": "Present"
    }, 
    "switch_2": {
        "Status": "", 
        "Vendor": "", 
        "IP": "", 
        "Gateway": "", 
        "Netmask": "", 
        "swPresent": 0, 
        "SwitchType": "", 
        "id": 2, 
        "Present": null
    }, 
    "power_1": {
        "Vendor": "", 
        "isPSUOn": "", 
        "SN": "", 
        "psuPresent": 0, 
        "Model": "", 
        "FanDuty": "", 
        "id": 1, 
        "Present": "N\\/A"
    }, 
    "power_3": {
        "Vendor": "", 
        "isPSUOn": "ON", 
        "SN": "", 
        "psuPresent": 1, 
        "Model": "", 
        "FanDuty": 1, 
        "id": 3, 
        "Present": "Present"
    }, 
    "power_2": {
        "Vendor": "", 
        "isPSUOn": "", 
        "SN": "", 
        "psuPresent": 0, 
        "Model": "", 
        "FanDuty": "", 
        "id": 2, 
        "Present": "N\\/A"
    }, 
    "fan_3": {
        "Duty": 33, 
        "Present": "Present", 
        "FanStatus": 2, 
        "id": 3, 
        "FanPresent": 1
    }, 
    "fan_2": {
        "Duty": 33, 
        "Present": "Present", 
        "FanStatus": 2, 
        "id": 2, 
        "FanPresent": 1
    }, 
    "fan_1": {
        "Duty": 33, 
        "Present": "Present", 
        "FanStatus": 2, 
        "id": 1, 
        "FanPresent": 1
    }, 
    "fan_5": {
        "Duty": 33, 
        "Present": "Present", 
        "FanStatus": 2, 
        "id": 5, 
        "FanPresent": 1
    }, 
    "fan_4": {
        "Duty": 33, 
        "Present": "Present", 
        "FanStatus": 2, 
        "id": 4, 
        "FanPresent": 1
    }
}
[API] Check CMM info OK.
Stress Time: 1800s, CMM Cold Reset PASS.
