#==========================================================#
#                         Main log                         #
#==========================================================#
2018-10-31 16:54:00	Test start...
PSU_API_1:{'Vendor': '', 'Vout': '', 'Pin': '', 'Pout': '', 'Iout': '', 'Vin': '', 'isPSUOn': '', 'Temp2': '', 'Temp1': '', 'Fan1Speed': '', 'SN': '', 'psuPresent': 0, 'Model': '', 'Iin': '', 'FanDuty': '', 'id': 1, 'Present': 'N/A'}
PSU_OEM_1:{'Vout': 0, 'Pin': 0, 'Pout': 0, 'Iout': 0, 'Vin': 0, 'Temp2': 0, 'Temp1': 0, 'psuPresent': 0, 'Iin': 0, 'FanDuty': 0, 'id': 1}
PSU_API_2:{'Vendor': '', 'Vout': '', 'Pin': '', 'Pout': '', 'Iout': '', 'Vin': '', 'isPSUOn': '', 'Temp2': '', 'Temp1': '', 'Fan1Speed': '', 'SN': '', 'psuPresent': 0, 'Model': '', 'Iin': '', 'FanDuty': '', 'id': 2, 'Present': 'N/A'}
PSU_OEM_2:{'Vout': 0, 'Pin': 0, 'Pout': 0, 'Iout': 0, 'Vin': 0, 'Temp2': 0, 'Temp1': 0, 'psuPresent': 0, 'Iin': 0, 'FanDuty': 0, 'id': 2}
PSU_API_3:{'Vendor': '', 'Vout': '62', 'Pin': '153', 'Pout': '133', 'Iout': '27', 'Vin': '218', 'isPSUOn': 'ON', 'Temp2': 36, 'Temp1': 43, 'Fan1Speed': 21920, 'SN': '', 'psuPresent': 1, 'Model': '', 'Iin': '0', 'FanDuty': 1, 'id': 3, 'Present': 'Present'}
PSU_OEM_3:{'Vout': 62, 'Pin': 153, 'Pout': 133, 'Iout': 27, 'Vin': 218, 'Temp2': 36, 'Temp1': 43, 'psuPresent': 1, 'Iin': 0, 'FanDuty': 1, 'id': 3}
PSU_API_4:{'Vendor': '', 'Vout': '62', 'Pin': '148', 'Pout': '123', 'Iout': '26', 'Vin': '218', 'isPSUOn': 'ON', 'Temp2': 31, 'Temp1': 42, 'Fan1Speed': 21824, 'SN': '', 'psuPresent': 1, 'Model': '', 'Iin': '0', 'FanDuty': 1, 'id': 4, 'Present': 'Present'}
PSU_OEM_4:{'Vout': 62, 'Pin': 148, 'Pout': 123, 'Iout': 26, 'Vin': 218, 'Temp2': 31, 'Temp1': 42, 'psuPresent': 1, 'Iin': 0, 'FanDuty': 1, 'id': 4}
2018-10-31 16:54:08	PASS: Check Power Info
2018-10-31 16:54:21	PASS: Check Switch Info
FAN1_Duty30:[2839, 2839, 2411, 2411]
FAN1_Duty40:[3844, 3844, 3374, 3374]
FAN1_Duty50:[4855, 4855, 4278, 4278]
FAN1_Duty60:[5853, 5853, 5120, 5120]
FAN1_Duty70:[6861, 6861, 6009, 6009]
FAN1_Duty80:[7872, 7872, 6859, 6859]
FAN1_Duty90:[8826, 8826, 7658, 7658]
FAN1_Duty100:[9911, 9911, 8617, 8617]
FAN2_Duty30:[2888, 2888, 2104, 2104]
FAN2_Duty40:[3861, 3861, 3408, 3408]
FAN2_Duty50:[4869, 4869, 4271, 4271]
FAN2_Duty60:[5877, 5877, 5094, 5094]
FAN2_Duty70:[6887, 6887, 5989, 5989]
FAN2_Duty80:[7886, 7886, 6862, 6862]
FAN2_Duty90:[8902, 8902, 7632, 7632]
FAN2_Duty100:[9962, 9962, 8583, 8583]
FAN3_Duty30:[2642, 2642, 2014, 2014]
FAN3_Duty40:[3905, 3905, 3434, 3434]
FAN3_Duty50:[4908, 4908, 4343, 4343]
FAN3_Duty60:[5914, 5914, 5168, 5168]
FAN3_Duty70:[6878, 6878, 6048, 6048]
FAN3_Duty80:[7921, 7921, 6940, 6940]
FAN3_Duty90:[8881, 8881, 7715, 7715]
FAN3_Duty100:[9992, 9992, 8705, 8705]
FAN4_Duty30:[2797, 2797, 2027, 2027]
FAN4_Duty40:[3909, 3909, 3422, 3422]
FAN4_Duty50:[4897, 4897, 4336, 4336]
FAN4_Duty60:[5931, 5931, 5177, 5177]
FAN4_Duty70:[6883, 6883, 6011, 6011]
FAN4_Duty80:[7946, 7946, 6967, 6967]
FAN4_Duty90:[8908, 8908, 7648, 7648]
FAN4_Duty100:[9961, 9961, 8679, 8679]
FAN5_Duty30:[3572, 2974, 2574, 2493]
FAN5_Duty40:[3858, 3858, 3357, 3357]
FAN5_Duty50:[4866, 4866, 4254, 4254]
FAN5_Duty60:[5883, 5883, 5076, 5076]
FAN5_Duty70:[6873, 6873, 5968, 5968]
FAN5_Duty80:[7904, 7904, 6846, 6846]
FAN5_Duty90:[8877, 8877, 7601, 7601]
FAN5_Duty100:[9975, 9975, 8578, 8578]
2018-10-31 17:01:49	PASS: Check Fan Info
2018-10-31 17:01:55	Test finish.
2018-10-31 17:01:55	total case: 3
2018-10-31 17:01:55	pass case: 3
2018-10-31 17:01:55	fail case: 0
2018-10-31 17:07:23	total case: 3
2018-10-31 17:07:23	pass case: 3
2018-10-31 17:07:23	fail case: 0
2018-10-31 17:19:09	total case: 3
2018-10-31 17:19:09	pass case: 3
2018-10-31 17:19:09	fail case: 0
2018-10-31 17:20:39	total case: 3
2018-10-31 17:20:39	pass case: 3
2018-10-31 17:20:39	fail case: 0
2018-10-31 17:22:40	total case: 3
2018-10-31 17:22:40	pass case: 3
2018-10-31 17:22:40	fail case: 0
2018-10-31 17:32:37	total case: 3
2018-10-31 17:32:37	pass case: 3
2018-10-31 17:32:37	fail case: 0
2018-10-31 17:32:44	total case: 3
2018-10-31 17:32:44	pass case: 3
2018-10-31 17:32:44	fail case: 0
2018-10-31 17:33:53	total case: 3
2018-10-31 17:33:53	pass case: 3
2018-10-31 17:33:53	fail case: 0
2018-10-31 17:40:19	total case: 3
2018-10-31 17:40:19	pass case: 3
2018-10-31 17:40:19	fail case: 0
2018-10-31 17:43:07	total case: 3
2018-10-31 17:43:07	pass case: 3
2018-10-31 17:43:07	fail case: 0
2018-10-31 17:43:39	total case: 3
2018-10-31 17:43:39	pass case: 3
2018-10-31 17:43:39	fail case: 0
2018-10-31 17:47:58	total case: 3
2018-10-31 17:47:58	pass case: 3
2018-10-31 17:47:58	fail case: 0
2018-10-31 17:49:27	total case: 3
2018-10-31 17:49:27	pass case: 3
2018-10-31 17:49:27	fail case: 0
2018-10-31 17:55:58	total case: 3
2018-10-31 17:55:58	pass case: 3
2018-10-31 17:55:58	fail case: 0
