#==========================================================#
#                  Case: Check Power Info                  #
#==========================================================#
2018-11-02 11:52:51	[curl] Login Web successfully.
Check power info
PSU 1
ipmitool -I lanplus -H 10.0.22.234 -U admin -P admin raw 0x3a 0x51 0x00 2>/dev/null
returncode: 0
00 00 00 00 00 00 00 00 00 00 00 00 00 00 00 00
 00 00 00 00 00 00 00 00 00 00 00 00 00 00 00 00
 00 00 00 00 00 00 00 00 00 00 00 00 00 00 00 00
 00 00 00 00 00 00 00 00 00 00 00 00 00 00 00 00
 00 00
PSU 1
curl -X POST -H "Content-Type:application/json" -H "X-CSRFTOKEN:2jBd6llt" -d"{'id':1}" http://10.0.22.234/api/cmminfo/psus/ -b cookie 2>/dev/null
returncode: 0
{ "id": 1, "psuPresent": 0, "Vendor": "", "Present": "N\/A", "Model": "", "SN": "", "isPSUOn": "", "Vin": "", "Iin": "", "Pin": "", "Iout": "", "Vout": "", "Pout": "", "Temp1": "", "Temp2": "", "Fan1Speed": "", "FanDuty": "" }
[PSU1] Check power info PASS.
PSU 2
ipmitool -I lanplus -H 10.0.22.234 -U admin -P admin raw 0x3a 0x51 0x01 2>/dev/null
returncode: 0
01 00 00 00 00 00 00 00 00 00 00 00 00 00 00 00
 00 00 00 00 00 00 00 00 00 00 00 00 00 00 00 00
 00 00 00 00 00 00 00 00 00 00 00 00 00 00 00 00
 00 00 00 00 00 00 00 00 00 00 00 00 00 00 00 00
 00 00
PSU 2
curl -X POST -H "Content-Type:application/json" -H "X-CSRFTOKEN:2jBd6llt" -d"{'id':2}" http://10.0.22.234/api/cmminfo/psus/ -b cookie 2>/dev/null
returncode: 0
{ "id": 2, "psuPresent": 0, "Vendor": "", "Present": "N\/A", "Model": "", "SN": "", "isPSUOn": "", "Vin": "", "Iin": "", "Pin": "", "Iout": "", "Vout": "", "Pout": "", "Temp1": "", "Temp2": "", "Fan1Speed": "", "FanDuty": "" }
[PSU2] Check power info PASS.
PSU 3
ipmitool -I lanplus -H 10.0.22.234 -U admin -P admin raw 0x3a 0x51 0x02 2>/dev/null
returncode: 0
02 01 00 00 01 00 00 00 00 00 00 00 00 00 00 00
 00 00 00 00 00 00 00 00 00 00 00 00 00 00 00 00
 00 00 00 00 00 00 00 00 00 00 00 00 00 00 00 00
 00 00 00 00 00 29 21 a0 55 6c 00 83 00 3e dd 1a
 00 01
PSU 3
curl -X POST -H "Content-Type:application/json" -H "X-CSRFTOKEN:2jBd6llt" -d"{'id':3}" http://10.0.22.234/api/cmminfo/psus/ -b cookie 2>/dev/null
returncode: 0
{ "id": 3, "psuPresent": 1, "Vendor": "", "Present": "Present", "Model": "", "SN": "", "isPSUOn": "ON", "Vin": "221", "Iin": "0", "Pin": "131", "Iout": "26", "Vout": "62", "Pout": "108", "Temp1": 41, "Temp2": 33, "Fan1Speed": 21920, "FanDuty": 1 }
[PSU3] Check power info PASS.
PSU 4
ipmitool -I lanplus -H 10.0.22.234 -U admin -P admin raw 0x3a 0x51 0x03 2>/dev/null
returncode: 0
03 01 00 00 01 00 00 00 00 00 00 00 00 00 00 00
 00 00 00 00 00 00 00 00 00 00 00 00 00 00 00 00
 00 00 00 00 00 00 00 00 00 00 00 00 00 00 00 00
 00 00 00 00 00 28 1e 20 55 64 00 7d 00 3e dd 19
 00 01
PSU 4
curl -X POST -H "Content-Type:application/json" -H "X-CSRFTOKEN:2jBd6llt" -d"{'id':4}" http://10.0.22.234/api/cmminfo/psus/ -b cookie 2>/dev/null
returncode: 0
{ "id": 4, "psuPresent": 1, "Vendor": "", "Present": "Present", "Model": "", "SN": "", "isPSUOn": "ON", "Vin": "221", "Iin": "0", "Pin": "125", "Iout": "25", "Vout": "62", "Pout": "100", "Temp1": 40, "Temp2": 30, "Fan1Speed": 21792, "FanDuty": 1 }
[PSU4] Check power info PASS.
2018-11-02 11:52:54	[curl] Logout Web successfully.
